[2026-01-02 21:12:34] local.ERROR: could not find driver (SQL: select * from `admin_extensions`) {"exception":"[object] (Illuminate\\Database\\QueryException(code: 0): could not find driver (SQL: select * from `admin_extensions`) at E:\\Projects\\yess\\admin\\vendor\\laravel\\framework\\src\\Illuminate\\Database\\Connection.php:669)
[stacktrace]
#0 E:\\Projects\\yess\\admin\\vendor\\laravel\\framework\\src\\Illuminate\\Database\\Connection.php(629): Illuminate\\Database\\Connection->runQueryCallback('select * from `...', Array, Object(Closure))
#1 E:\\Projects\\yess\\admin\\vendor\\laravel\\framework\\src\\Illuminate\\Database\\Connection.php(338): Illuminate\\Database\\Connection->run('select * from `...', Array, Object(Closure))
#2 E:\\Projects\\yess\\admin\\vendor\\laravel\\framework\\src\\Illuminate\\Database\\Query\\Builder.php(2149): Illuminate\\Database\\Connection->select('select * from `...', Array, true)
#3 E:\\Projects\\yess\\admin\\vendor\\laravel\\framework\\src\\Illuminate\\Database\\Query\\Builder.php(2137): Illuminate\\Database\\Query\\Builder->runSelect()
#4 E:\\Projects\\yess\\admin\\vendor\\laravel\\framework\\src\\Illuminate\\Database\\Query\\Builder.php(2609): Illuminate\\Database\\Query\\Builder->Illuminate\\Database\\Query\\{closure}()
#5 E:\\Projects\\yess\\admin\\vendor\\laravel\\framework\\src\\Illuminate\\Database\\Query\\Builder.php(2138): Illuminate\\Database\\Query\\Builder->onceWithColumns(Array, Object(Closure))
#6 E:\\Projects\\yess\\admin\\vendor\\laravel\\framework\\src\\Illuminate\\Database\\Eloquent\\Builder.php(546): Illuminate\\Database\\Query\\Builder->get(Array)
#7 E:\\Projects\\yess\\admin\\vendor\\laravel\\framework\\src\\Illuminate\\Database\\Eloquent\\Builder.php(530): Illuminate\\Database\\Eloquent\\Builder->getModels(Array)
#8 E:\\Projects\\yess\\admin\\vendor\\laravel\\framework\\src\\Illuminate\\Database\\Eloquent\\Model.php(463): Illuminate\\Database\\Eloquent\\Builder->get(Array)
#9 E:\\Projects\\yess\\admin\\vendor\\dcat\\laravel-admin\\src\\Extend\\Manager.php(445): Illuminate\\Database\\Eloquent\\Model::all()
#10 E:\\Projects\\yess\\admin\\vendor\\dcat\\laravel-admin\\src\\Extend\\Manager.php(85): Dcat\\Admin\\Extend\\Manager->settings()
#11 E:\\Projects\\yess\\admin\\vendor\\dcat\\laravel-admin\\src\\Extend\\ServiceProvider.php(282): Dcat\\Admin\\Extend\\Manager->enabled('guanguans.dcat-...')
#12 E:\\Projects\\yess\\admin\\vendor\\dcat\\laravel-admin\\src\\Extend\\ServiceProvider.php(292): Dcat\\Admin\\Extend\\ServiceProvider->enabled()
#13 E:\\Projects\\yess\\admin\\vendor\\dcat\\laravel-admin\\src\\Extend\\ServiceProvider.php(88): Dcat\\Admin\\Extend\\ServiceProvider->disabled()
#14 E:\\Projects\\yess\\admin\\vendor\\laravel\\framework\\src\\Illuminate\\Container\\BoundMethod.php(36): Dcat\\Admin\\Extend\\ServiceProvider->boot()
#15 E:\\Projects\\yess\\admin\\vendor\\laravel\\framework\\src\\Illuminate\\Container\\Util.php(37): Illuminate\\Container\\BoundMethod::Illuminate\\Container\\{closure}()
#16 E:\\Projects\\yess\\admin\\vendor\\laravel\\framework\\src\\Illuminate\\Container\\BoundMethod.php(93): Illuminate\\Container\\Util::unwrapIfClosure(Object(Closure))
#17 E:\\Projects\\yess\\admin\\vendor\\laravel\\framework\\src\\Illuminate\\Container\\BoundMethod.php(37): Illuminate\\Container\\BoundMethod::callBoundMethod(Object(Illuminate\\Foundation\\Application), Array, Object(Closure))
#18 E:\\Projects\\yess\\admin\\vendor\\laravel\\framework\\src\\Illuminate\\Container\\Container.php(590): Illuminate\\Container\\BoundMethod::call(Object(Illuminate\\Foundation\\Application), Array, Array, NULL)
#19 E:\\Projects\\yess\\admin\\vendor\\laravel\\framework\\src\\Illuminate\\Foundation\\Application.php(856): Illuminate\\Container\\Container->call(Array)
#20 E:\\Projects\\yess\\admin\\vendor\\laravel\\framework\\src\\Illuminate\\Foundation\\Application.php(839): Illuminate\\Foundation\\Application->bootProvider(Object(Guanguans\\DcatLoginCaptcha\\LoginCaptchaServiceProvider))
#21 [internal function]: Illuminate\\Foundation\\Application->Illuminate\\Foundation\\{closure}(Object(Guanguans\\DcatLoginCaptcha\\LoginCaptchaServiceProvider), 16)
#22 E:\\Projects\\yess\\admin\\vendor\\laravel\\framework\\src\\Illuminate\\Foundation\\Application.php(840): array_walk(Array, Object(Closure))
#23 E:\\Projects\\yess\\admin\\vendor\\laravel\\framework\\src\\Illuminate\\Foundation\\Bootstrap\\BootProviders.php(17): Illuminate\\Foundation\\Application->boot()
#24 E:\\Projects\\yess\\admin\\vendor\\laravel\\framework\\src\\Illuminate\\Foundation\\Application.php(219): Illuminate\\Foundation\\Bootstrap\\BootProviders->bootstrap(Object(Illuminate\\Foundation\\Application))
#25 E:\\Projects\\yess\\admin\\vendor\\laravel\\framework\\src\\Illuminate\\Foundation\\Console\\Kernel.php(320): Illuminate\\Foundation\\Application->bootstrapWith(Array)
#26 E:\\Projects\\yess\\admin\\vendor\\laravel\\framework\\src\\Illuminate\\Foundation\\Console\\Kernel.php(129): Illuminate\\Foundation\\Console\\Kernel->bootstrap()
#27 E:\\Projects\\yess\\admin\\artisan(37): Illuminate\\Foundation\\Console\\Kernel->handle(Object(Symfony\\Component\\Console\\Input\\ArgvInput), Object(Symfony\\Component\\Console\\Output\\ConsoleOutput))
#28 {main}

[previous exception] [object] (Doctrine\\DBAL\\Driver\\PDOException(code: 0): could not find driver at E:\\Projects\\yess\\admin\\vendor\\doctrine\\dbal\\lib\\Doctrine\\DBAL\\Driver\\PDOConnection.php:31)
[stacktrace]
#0 E:\\Projects\\yess\\admin\\vendor\\laravel\\framework\\src\\Illuminate\\Database\\Connectors\\Connector.php(67): Doctrine\\DBAL\\Driver\\PDOConnection->__construct('mysql:host=127....', 'root', 'shujukumima', Array)
#1 E:\\Projects\\yess\\admin\\vendor\\laravel\\framework\\src\\Illuminate\\Database\\Connectors\\Connector.php(46): Illuminate\\Database\\Connectors\\Connector->createPdoConnection('mysql:host=127....', 'root', 'shujukumima', Array)
#2 E:\\Projects\\yess\\admin\\vendor\\laravel\\framework\\src\\Illuminate\\Database\\Connectors\\MySqlConnector.php(24): Illuminate\\Database\\Connectors\\Connector->createConnection('mysql:host=127....', Array, Array)
#3 E:\\Projects\\yess\\admin\\vendor\\laravel\\framework\\src\\Illuminate\\Database\\Connectors\\ConnectionFactory.php(182): Illuminate\\Database\\Connectors\\MySqlConnector->connect(Array)
#4 [internal function]: Illuminate\\Database\\Connectors\\ConnectionFactory->Illuminate\\Database\\Connectors\\{closure}()
#5 E:\\Projects\\yess\\admin\\vendor\\laravel\\framework\\src\\Illuminate\\Database\\Connection.php(924): call_user_func(Object(Closure))
#6 E:\\Projects\\yess\\admin\\vendor\\laravel\\framework\\src\\Illuminate\\Database\\Connection.php(959): Illuminate\\Database\\Connection->getPdo()
#7 E:\\Projects\\yess\\admin\\vendor\\laravel\\framework\\src\\Illuminate\\Database\\Connection.php(404): Illuminate\\Database\\Connection->getReadPdo()
#8 E:\\Projects\\yess\\admin\\vendor\\laravel\\framework\\src\\Illuminate\\Database\\Connection.php(330): Illuminate\\Database\\Connection->getPdoForSelect(true)
#9 E:\\Projects\\yess\\admin\\vendor\\laravel\\framework\\src\\Illuminate\\Database\\Connection.php(662): Illuminate\\Database\\Connection->Illuminate\\Database\\{closure}('select * from `...', Array)
#10 E:\\Projects\\yess\\admin\\vendor\\laravel\\framework\\src\\Illuminate\\Database\\Connection.php(629): Illuminate\\Database\\Connection->runQueryCallback('select * from `...', Array, Object(Closure))
#11 E:\\Projects\\yess\\admin\\vendor\\laravel\\framework\\src\\Illuminate\\Database\\Connection.php(338): Illuminate\\Database\\Connection->run('select * from `...', Array, Object(Closure))
#12 E:\\Projects\\yess\\admin\\vendor\\laravel\\framework\\src\\Illuminate\\Database\\Query\\Builder.php(2149): Illuminate\\Database\\Connection->select('select * from `...', Array, true)
#13 E:\\Projects\\yess\\admin\\vendor\\laravel\\framework\\src\\Illuminate\\Database\\Query\\Builder.php(2137): Illuminate\\Database\\Query\\Builder->runSelect()
#14 E:\\Projects\\yess\\admin\\vendor\\laravel\\framework\\src\\Illuminate\\Database\\Query\\Builder.php(2609): Illuminate\\Database\\Query\\Builder->Illuminate\\Database\\Query\\{closure}()
#15 E:\\Projects\\yess\\admin\\vendor\\laravel\\framework\\src\\Illuminate\\Database\\Query\\Builder.php(2138): Illuminate\\Database\\Query\\Builder->onceWithColumns(Array, Object(Closure))
#16 E:\\Projects\\yess\\admin\\vendor\\laravel\\framework\\src\\Illuminate\\Database\\Eloquent\\Builder.php(546): Illuminate\\Database\\Query\\Builder->get(Array)
#17 E:\\Projects\\yess\\admin\\vendor\\laravel\\framework\\src\\Illuminate\\Database\\Eloquent\\Builder.php(530): Illuminate\\Database\\Eloquent\\Builder->getModels(Array)
#18 E:\\Projects\\yess\\admin\\vendor\\laravel\\framework\\src\\Illuminate\\Database\\Eloquent\\Model.php(463): Illuminate\\Database\\Eloquent\\Builder->get(Array)
#19 E:\\Projects\\yess\\admin\\vendor\\dcat\\laravel-admin\\src\\Extend\\Manager.php(445): Illuminate\\Database\\Eloquent\\Model::all()
#20 E:\\Projects\\yess\\admin\\vendor\\dcat\\laravel-admin\\src\\Extend\\Manager.php(85): Dcat\\Admin\\Extend\\Manager->settings()
#21 E:\\Projects\\yess\\admin\\vendor\\dcat\\laravel-admin\\src\\Extend\\ServiceProvider.php(282): Dcat\\Admin\\Extend\\Manager->enabled('guanguans.dcat-...')
#22 E:\\Projects\\yess\\admin\\vendor\\dcat\\laravel-admin\\src\\Extend\\ServiceProvider.php(292): Dcat\\Admin\\Extend\\ServiceProvider->enabled()
#23 E:\\Projects\\yess\\admin\\vendor\\dcat\\laravel-admin\\src\\Extend\\ServiceProvider.php(88): Dcat\\Admin\\Extend\\ServiceProvider->disabled()
#24 E:\\Projects\\yess\\admin\\vendor\\laravel\\framework\\src\\Illuminate\\Container\\BoundMethod.php(36): Dcat\\Admin\\Extend\\ServiceProvider->boot()
#25 E:\\Projects\\yess\\admin\\vendor\\laravel\\framework\\src\\Illuminate\\Container\\Util.php(37): Illuminate\\Container\\BoundMethod::Illuminate\\Container\\{closure}()
#26 E:\\Projects\\yess\\admin\\vendor\\laravel\\framework\\src\\Illuminate\\Container\\BoundMethod.php(93): Illuminate\\Container\\Util::unwrapIfClosure(Object(Closure))
#27 E:\\Projects\\yess\\admin\\vendor\\laravel\\framework\\src\\Illuminate\\Container\\BoundMethod.php(37): Illuminate\\Container\\BoundMethod::callBoundMethod(Object(Illuminate\\Foundation\\Application), Array, Object(Closure))
#28 E:\\Projects\\yess\\admin\\vendor\\laravel\\framework\\src\\Illuminate\\Container\\Container.php(590): Illuminate\\Container\\BoundMethod::call(Object(Illuminate\\Foundation\\Application), Array, Array, NULL)
#29 E:\\Projects\\yess\\admin\\vendor\\laravel\\framework\\src\\Illuminate\\Foundation\\Application.php(856): Illuminate\\Container\\Container->call(Array)
#30 E:\\Projects\\yess\\admin\\vendor\\laravel\\framework\\src\\Illuminate\\Foundation\\Application.php(839): Illuminate\\Foundation\\Application->bootProvider(Object(Guanguans\\DcatLoginCaptcha\\LoginCaptchaServiceProvider))
#31 [internal function]: Illuminate\\Foundation\\Application->Illuminate\\Foundation\\{closure}(Object(Guanguans\\DcatLoginCaptcha\\LoginCaptchaServiceProvider), 16)
#32 E:\\Projects\\yess\\admin\\vendor\\laravel\\framework\\src\\Illuminate\\Foundation\\Application.php(840): array_walk(Array, Object(Closure))
#33 E:\\Projects\\yess\\admin\\vendor\\laravel\\framework\\src\\Illuminate\\Foundation\\Bootstrap\\BootProviders.php(17): Illuminate\\Foundation\\Application->boot()
#34 E:\\Projects\\yess\\admin\\vendor\\laravel\\framework\\src\\Illuminate\\Foundation\\Application.php(219): Illuminate\\Foundation\\Bootstrap\\BootProviders->bootstrap(Object(Illuminate\\Foundation\\Application))
#35 E:\\Projects\\yess\\admin\\vendor\\laravel\\framework\\src\\Illuminate\\Foundation\\Console\\Kernel.php(320): Illuminate\\Foundation\\Application->bootstrapWith(Array)
#36 E:\\Projects\\yess\\admin\\vendor\\laravel\\framework\\src\\Illuminate\\Foundation\\Console\\Kernel.php(129): Illuminate\\Foundation\\Console\\Kernel->bootstrap()
#37 E:\\Projects\\yess\\admin\\artisan(37): Illuminate\\Foundation\\Console\\Kernel->handle(Object(Symfony\\Component\\Console\\Input\\ArgvInput), Object(Symfony\\Component\\Console\\Output\\ConsoleOutput))
#38 {main}

[previous exception] [object] (PDOException(code: 0): could not find driver at E:\\Projects\\yess\\admin\\vendor\\doctrine\\dbal\\lib\\Doctrine\\DBAL\\Driver\\PDOConnection.php:27)
[stacktrace]
#0 E:\\Projects\\yess\\admin\\vendor\\doctrine\\dbal\\lib\\Doctrine\\DBAL\\Driver\\PDOConnection.php(27): PDO->__construct('mysql:host=127....', 'root', 'shujukumima', Array)
#1 E:\\Projects\\yess\\admin\\vendor\\laravel\\framework\\src\\Illuminate\\Database\\Connectors\\Connector.php(67): Doctrine\\DBAL\\Driver\\PDOConnection->__construct('mysql:host=127....', 'root', 'shujukumima', Array)
#2 E:\\Projects\\yess\\admin\\vendor\\laravel\\framework\\src\\Illuminate\\Database\\Connectors\\Connector.php(46): Illuminate\\Database\\Connectors\\Connector->createPdoConnection('mysql:host=127....', 'root', 'shujukumima', Array)
#3 E:\\Projects\\yess\\admin\\vendor\\laravel\\framework\\src\\Illuminate\\Database\\Connectors\\MySqlConnector.php(24): Illuminate\\Database\\Connectors\\Connector->createConnection('mysql:host=127....', Array, Array)
#4 E:\\Projects\\yess\\admin\\vendor\\laravel\\framework\\src\\Illuminate\\Database\\Connectors\\ConnectionFactory.php(182): Illuminate\\Database\\Connectors\\MySqlConnector->connect(Array)
#5 [internal function]: Illuminate\\Database\\Connectors\\ConnectionFactory->Illuminate\\Database\\Connectors\\{closure}()
#6 E:\\Projects\\yess\\admin\\vendor\\laravel\\framework\\src\\Illuminate\\Database\\Connection.php(924): call_user_func(Object(Closure))
#7 E:\\Projects\\yess\\admin\\vendor\\laravel\\framework\\src\\Illuminate\\Database\\Connection.php(959): Illuminate\\Database\\Connection->getPdo()
#8 E:\\Projects\\yess\\admin\\vendor\\laravel\\framework\\src\\Illuminate\\Database\\Connection.php(404): Illuminate\\Database\\Connection->getReadPdo()
#9 E:\\Projects\\yess\\admin\\vendor\\laravel\\framework\\src\\Illuminate\\Database\\Connection.php(330): Illuminate\\Database\\Connection->getPdoForSelect(true)
#10 E:\\Projects\\yess\\admin\\vendor\\laravel\\framework\\src\\Illuminate\\Database\\Connection.php(662): Illuminate\\Database\\Connection->Illuminate\\Database\\{closure}('select * from `...', Array)
#11 E:\\Projects\\yess\\admin\\vendor\\laravel\\framework\\src\\Illuminate\\Database\\Connection.php(629): Illuminate\\Database\\Connection->runQueryCallback('select * from `...', Array, Object(Closure))
#12 E:\\Projects\\yess\\admin\\vendor\\laravel\\framework\\src\\Illuminate\\Database\\Connection.php(338): Illuminate\\Database\\Connection->run('select * from `...', Array, Object(Closure))
#13 E:\\Projects\\yess\\admin\\vendor\\laravel\\framework\\src\\Illuminate\\Database\\Query\\Builder.php(2149): Illuminate\\Database\\Connection->select('select * from `...', Array, true)
#14 E:\\Projects\\yess\\admin\\vendor\\laravel\\framework\\src\\Illuminate\\Database\\Query\\Builder.php(2137): Illuminate\\Database\\Query\\Builder->runSelect()
#15 E:\\Projects\\yess\\admin\\vendor\\laravel\\framework\\src\\Illuminate\\Database\\Query\\Builder.php(2609): Illuminate\\Database\\Query\\Builder->Illuminate\\Database\\Query\\{closure}()
#16 E:\\Projects\\yess\\admin\\vendor\\laravel\\framework\\src\\Illuminate\\Database\\Query\\Builder.php(2138): Illuminate\\Database\\Query\\Builder->onceWithColumns(Array, Object(Closure))
#17 E:\\Projects\\yess\\admin\\vendor\\laravel\\framework\\src\\Illuminate\\Database\\Eloquent\\Builder.php(546): Illuminate\\Database\\Query\\Builder->get(Array)
#18 E:\\Projects\\yess\\admin\\vendor\\laravel\\framework\\src\\Illuminate\\Database\\Eloquent\\Builder.php(530): Illuminate\\Database\\Eloquent\\Builder->getModels(Array)
#19 E:\\Projects\\yess\\admin\\vendor\\laravel\\framework\\src\\Illuminate\\Database\\Eloquent\\Model.php(463): Illuminate\\Database\\Eloquent\\Builder->get(Array)
#20 E:\\Projects\\yess\\admin\\vendor\\dcat\\laravel-admin\\src\\Extend\\Manager.php(445): Illuminate\\Database\\Eloquent\\Model::all()
#21 E:\\Projects\\yess\\admin\\vendor\\dcat\\laravel-admin\\src\\Extend\\Manager.php(85): Dcat\\Admin\\Extend\\Manager->settings()
#22 E:\\Projects\\yess\\admin\\vendor\\dcat\\laravel-admin\\src\\Extend\\ServiceProvider.php(282): Dcat\\Admin\\Extend\\Manager->enabled('guanguans.dcat-...')
#23 E:\\Projects\\yess\\admin\\vendor\\dcat\\laravel-admin\\src\\Extend\\ServiceProvider.php(292): Dcat\\Admin\\Extend\\ServiceProvider->enabled()
#24 E:\\Projects\\yess\\admin\\vendor\\dcat\\laravel-admin\\src\\Extend\\ServiceProvider.php(88): Dcat\\Admin\\Extend\\ServiceProvider->disabled()
#25 E:\\Projects\\yess\\admin\\vendor\\laravel\\framework\\src\\Illuminate\\Container\\BoundMethod.php(36): Dcat\\Admin\\Extend\\ServiceProvider->boot()
#26 E:\\Projects\\yess\\admin\\vendor\\laravel\\framework\\src\\Illuminate\\Container\\Util.php(37): Illuminate\\Container\\BoundMethod::Illuminate\\Container\\{closure}()
#27 E:\\Projects\\yess\\admin\\vendor\\laravel\\framework\\src\\Illuminate\\Container\\BoundMethod.php(93): Illuminate\\Container\\Util::unwrapIfClosure(Object(Closure))
#28 E:\\Projects\\yess\\admin\\vendor\\laravel\\framework\\src\\Illuminate\\Container\\BoundMethod.php(37): Illuminate\\Container\\BoundMethod::callBoundMethod(Object(Illuminate\\Foundation\\Application), Array, Object(Closure))
#29 E:\\Projects\\yess\\admin\\vendor\\laravel\\framework\\src\\Illuminate\\Container\\Container.php(590): Illuminate\\Container\\BoundMethod::call(Object(Illuminate\\Foundation\\Application), Array, Array, NULL)
#30 E:\\Projects\\yess\\admin\\vendor\\laravel\\framework\\src\\Illuminate\\Foundation\\Application.php(856): Illuminate\\Container\\Container->call(Array)
#31 E:\\Projects\\yess\\admin\\vendor\\laravel\\framework\\src\\Illuminate\\Foundation\\Application.php(839): Illuminate\\Foundation\\Application->bootProvider(Object(Guanguans\\DcatLoginCaptcha\\LoginCaptchaServiceProvider))
#32 [internal function]: Illuminate\\Foundation\\Application->Illuminate\\Foundation\\{closure}(Object(Guanguans\\DcatLoginCaptcha\\LoginCaptchaServiceProvider), 16)
#33 E:\\Projects\\yess\\admin\\vendor\\laravel\\framework\\src\\Illuminate\\Foundation\\Application.php(840): array_walk(Array, Object(Closure))
#34 E:\\Projects\\yess\\admin\\vendor\\laravel\\framework\\src\\Illuminate\\Foundation\\Bootstrap\\BootProviders.php(17): Illuminate\\Foundation\\Application->boot()
#35 E:\\Projects\\yess\\admin\\vendor\\laravel\\framework\\src\\Illuminate\\Foundation\\Application.php(219): Illuminate\\Foundation\\Bootstrap\\BootProviders->bootstrap(Object(Illuminate\\Foundation\\Application))
#36 E:\\Projects\\yess\\admin\\vendor\\laravel\\framework\\src\\Illuminate\\Foundation\\Console\\Kernel.php(320): Illuminate\\Foundation\\Application->bootstrapWith(Array)
#37 E:\\Projects\\yess\\admin\\vendor\\laravel\\framework\\src\\Illuminate\\Foundation\\Console\\Kernel.php(129): Illuminate\\Foundation\\Console\\Kernel->bootstrap()
#38 E:\\Projects\\yess\\admin\\artisan(37): Illuminate\\Foundation\\Console\\Kernel->handle(Object(Symfony\\Component\\Console\\Input\\ArgvInput), Object(Symfony\\Component\\Console\\Output\\ConsoleOutput))
#39 {main}
"} 
[2026-01-02 21:12:52] local.ERROR: could not find driver (SQL: select * from `admin_extensions`) {"exception":"[object] (Illuminate\\Database\\QueryException(code: 0): could not find driver (SQL: select * from `admin_extensions`) at E:\\Projects\\yess\\admin\\vendor\\laravel\\framework\\src\\Illuminate\\Database\\Connection.php:669)
[stacktrace]
#0 E:\\Projects\\yess\\admin\\vendor\\laravel\\framework\\src\\Illuminate\\Database\\Connection.php(629): Illuminate\\Database\\Connection->runQueryCallback('select * from `...', Array, Object(Closure))
#1 E:\\Projects\\yess\\admin\\vendor\\laravel\\framework\\src\\Illuminate\\Database\\Connection.php(338): Illuminate\\Database\\Connection->run('select * from `...', Array, Object(Closure))
#2 E:\\Projects\\yess\\admin\\vendor\\laravel\\framework\\src\\Illuminate\\Database\\Query\\Builder.php(2149): Illuminate\\Database\\Connection->select('select * from `...', Array, true)
#3 E:\\Projects\\yess\\admin\\vendor\\laravel\\framework\\src\\Illuminate\\Database\\Query\\Builder.php(2137): Illuminate\\Database\\Query\\Builder->runSelect()
#4 E:\\Projects\\yess\\admin\\vendor\\laravel\\framework\\src\\Illuminate\\Database\\Query\\Builder.php(2609): Illuminate\\Database\\Query\\Builder->Illuminate\\Database\\Query\\{closure}()
#5 E:\\Projects\\yess\\admin\\vendor\\laravel\\framework\\src\\Illuminate\\Database\\Query\\Builder.php(2138): Illuminate\\Database\\Query\\Builder->onceWithColumns(Array, Object(Closure))
#6 E:\\Projects\\yess\\admin\\vendor\\laravel\\framework\\src\\Illuminate\\Database\\Eloquent\\Builder.php(546): Illuminate\\Database\\Query\\Builder->get(Array)
#7 E:\\Projects\\yess\\admin\\vendor\\laravel\\framework\\src\\Illuminate\\Database\\Eloquent\\Builder.php(530): Illuminate\\Database\\Eloquent\\Builder->getModels(Array)
#8 E:\\Projects\\yess\\admin\\vendor\\laravel\\framework\\src\\Illuminate\\Database\\Eloquent\\Model.php(463): Illuminate\\Database\\Eloquent\\Builder->get(Array)
#9 E:\\Projects\\yess\\admin\\vendor\\dcat\\laravel-admin\\src\\Extend\\Manager.php(445): Illuminate\\Database\\Eloquent\\Model::all()
#10 E:\\Projects\\yess\\admin\\vendor\\dcat\\laravel-admin\\src\\Extend\\Manager.php(85): Dcat\\Admin\\Extend\\Manager->settings()
#11 E:\\Projects\\yess\\admin\\vendor\\dcat\\laravel-admin\\src\\Extend\\ServiceProvider.php(282): Dcat\\Admin\\Extend\\Manager->enabled('guanguans.dcat-...')
#12 E:\\Projects\\yess\\admin\\vendor\\dcat\\laravel-admin\\src\\Extend\\ServiceProvider.php(292): Dcat\\Admin\\Extend\\ServiceProvider->enabled()
#13 E:\\Projects\\yess\\admin\\vendor\\dcat\\laravel-admin\\src\\Extend\\ServiceProvider.php(88): Dcat\\Admin\\Extend\\ServiceProvider->disabled()
#14 E:\\Projects\\yess\\admin\\vendor\\laravel\\framework\\src\\Illuminate\\Container\\BoundMethod.php(36): Dcat\\Admin\\Extend\\ServiceProvider->boot()
#15 E:\\Projects\\yess\\admin\\vendor\\laravel\\framework\\src\\Illuminate\\Container\\Util.php(37): Illuminate\\Container\\BoundMethod::Illuminate\\Container\\{closure}()
#16 E:\\Projects\\yess\\admin\\vendor\\laravel\\framework\\src\\Illuminate\\Container\\BoundMethod.php(93): Illuminate\\Container\\Util::unwrapIfClosure(Object(Closure))
#17 E:\\Projects\\yess\\admin\\vendor\\laravel\\framework\\src\\Illuminate\\Container\\BoundMethod.php(37): Illuminate\\Container\\BoundMethod::callBoundMethod(Object(Illuminate\\Foundation\\Application), Array, Object(Closure))
#18 E:\\Projects\\yess\\admin\\vendor\\laravel\\framework\\src\\Illuminate\\Container\\Container.php(590): Illuminate\\Container\\BoundMethod::call(Object(Illuminate\\Foundation\\Application), Array, Array, NULL)
#19 E:\\Projects\\yess\\admin\\vendor\\laravel\\framework\\src\\Illuminate\\Foundation\\Application.php(856): Illuminate\\Container\\Container->call(Array)
#20 E:\\Projects\\yess\\admin\\vendor\\laravel\\framework\\src\\Illuminate\\Foundation\\Application.php(839): Illuminate\\Foundation\\Application->bootProvider(Object(Guanguans\\DcatLoginCaptcha\\LoginCaptchaServiceProvider))
#21 [internal function]: Illuminate\\Foundation\\Application->Illuminate\\Foundation\\{closure}(Object(Guanguans\\DcatLoginCaptcha\\LoginCaptchaServiceProvider), 16)
#22 E:\\Projects\\yess\\admin\\vendor\\laravel\\framework\\src\\Illuminate\\Foundation\\Application.php(840): array_walk(Array, Object(Closure))
#23 E:\\Projects\\yess\\admin\\vendor\\laravel\\framework\\src\\Illuminate\\Foundation\\Bootstrap\\BootProviders.php(17): Illuminate\\Foundation\\Application->boot()
#24 E:\\Projects\\yess\\admin\\vendor\\laravel\\framework\\src\\Illuminate\\Foundation\\Application.php(219): Illuminate\\Foundation\\Bootstrap\\BootProviders->bootstrap(Object(Illuminate\\Foundation\\Application))
#25 E:\\Projects\\yess\\admin\\vendor\\laravel\\framework\\src\\Illuminate\\Foundation\\Console\\Kernel.php(320): Illuminate\\Foundation\\Application->bootstrapWith(Array)
#26 E:\\Projects\\yess\\admin\\vendor\\laravel\\framework\\src\\Illuminate\\Foundation\\Console\\Kernel.php(129): Illuminate\\Foundation\\Console\\Kernel->bootstrap()
#27 E:\\Projects\\yess\\admin\\artisan(37): Illuminate\\Foundation\\Console\\Kernel->handle(Object(Symfony\\Component\\Console\\Input\\ArgvInput), Object(Symfony\\Component\\Console\\Output\\ConsoleOutput))
#28 {main}

[previous exception] [object] (Doctrine\\DBAL\\Driver\\PDOException(code: 0): could not find driver at E:\\Projects\\yess\\admin\\vendor\\doctrine\\dbal\\lib\\Doctrine\\DBAL\\Driver\\PDOConnection.php:31)
[stacktrace]
#0 E:\\Projects\\yess\\admin\\vendor\\laravel\\framework\\src\\Illuminate\\Database\\Connectors\\Connector.php(67): Doctrine\\DBAL\\Driver\\PDOConnection->__construct('mysql:host=127....', 'root', 'shujukumima', Array)
#1 E:\\Projects\\yess\\admin\\vendor\\laravel\\framework\\src\\Illuminate\\Database\\Connectors\\Connector.php(46): Illuminate\\Database\\Connectors\\Connector->createPdoConnection('mysql:host=127....', 'root', 'shujukumima', Array)
#2 E:\\Projects\\yess\\admin\\vendor\\laravel\\framework\\src\\Illuminate\\Database\\Connectors\\MySqlConnector.php(24): Illuminate\\Database\\Connectors\\Connector->createConnection('mysql:host=127....', Array, Array)
#3 E:\\Projects\\yess\\admin\\vendor\\laravel\\framework\\src\\Illuminate\\Database\\Connectors\\ConnectionFactory.php(182): Illuminate\\Database\\Connectors\\MySqlConnector->connect(Array)
#4 [internal function]: Illuminate\\Database\\Connectors\\ConnectionFactory->Illuminate\\Database\\Connectors\\{closure}()
#5 E:\\Projects\\yess\\admin\\vendor\\laravel\\framework\\src\\Illuminate\\Database\\Connection.php(924): call_user_func(Object(Closure))
#6 E:\\Projects\\yess\\admin\\vendor\\laravel\\framework\\src\\Illuminate\\Database\\Connection.php(959): Illuminate\\Database\\Connection->getPdo()
#7 E:\\Projects\\yess\\admin\\vendor\\laravel\\framework\\src\\Illuminate\\Database\\Connection.php(404): Illuminate\\Database\\Connection->getReadPdo()
#8 E:\\Projects\\yess\\admin\\vendor\\laravel\\framework\\src\\Illuminate\\Database\\Connection.php(330): Illuminate\\Database\\Connection->getPdoForSelect(true)
#9 E:\\Projects\\yess\\admin\\vendor\\laravel\\framework\\src\\Illuminate\\Database\\Connection.php(662): Illuminate\\Database\\Connection->Illuminate\\Database\\{closure}('select * from `...', Array)
#10 E:\\Projects\\yess\\admin\\vendor\\laravel\\framework\\src\\Illuminate\\Database\\Connection.php(629): Illuminate\\Database\\Connection->runQueryCallback('select * from `...', Array, Object(Closure))
#11 E:\\Projects\\yess\\admin\\vendor\\laravel\\framework\\src\\Illuminate\\Database\\Connection.php(338): Illuminate\\Database\\Connection->run('select * from `...', Array, Object(Closure))
#12 E:\\Projects\\yess\\admin\\vendor\\laravel\\framework\\src\\Illuminate\\Database\\Query\\Builder.php(2149): Illuminate\\Database\\Connection->select('select * from `...', Array, true)
#13 E:\\Projects\\yess\\admin\\vendor\\laravel\\framework\\src\\Illuminate\\Database\\Query\\Builder.php(2137): Illuminate\\Database\\Query\\Builder->runSelect()
#14 E:\\Projects\\yess\\admin\\vendor\\laravel\\framework\\src\\Illuminate\\Database\\Query\\Builder.php(2609): Illuminate\\Database\\Query\\Builder->Illuminate\\Database\\Query\\{closure}()
#15 E:\\Projects\\yess\\admin\\vendor\\laravel\\framework\\src\\Illuminate\\Database\\Query\\Builder.php(2138): Illuminate\\Database\\Query\\Builder->onceWithColumns(Array, Object(Closure))
#16 E:\\Projects\\yess\\admin\\vendor\\laravel\\framework\\src\\Illuminate\\Database\\Eloquent\\Builder.php(546): Illuminate\\Database\\Query\\Builder->get(Array)
#17 E:\\Projects\\yess\\admin\\vendor\\laravel\\framework\\src\\Illuminate\\Database\\Eloquent\\Builder.php(530): Illuminate\\Database\\Eloquent\\Builder->getModels(Array)
#18 E:\\Projects\\yess\\admin\\vendor\\laravel\\framework\\src\\Illuminate\\Database\\Eloquent\\Model.php(463): Illuminate\\Database\\Eloquent\\Builder->get(Array)
#19 E:\\Projects\\yess\\admin\\vendor\\dcat\\laravel-admin\\src\\Extend\\Manager.php(445): Illuminate\\Database\\Eloquent\\Model::all()
#20 E:\\Projects\\yess\\admin\\vendor\\dcat\\laravel-admin\\src\\Extend\\Manager.php(85): Dcat\\Admin\\Extend\\Manager->settings()
#21 E:\\Projects\\yess\\admin\\vendor\\dcat\\laravel-admin\\src\\Extend\\ServiceProvider.php(282): Dcat\\Admin\\Extend\\Manager->enabled('guanguans.dcat-...')
#22 E:\\Projects\\yess\\admin\\vendor\\dcat\\laravel-admin\\src\\Extend\\ServiceProvider.php(292): Dcat\\Admin\\Extend\\ServiceProvider->enabled()
#23 E:\\Projects\\yess\\admin\\vendor\\dcat\\laravel-admin\\src\\Extend\\ServiceProvider.php(88): Dcat\\Admin\\Extend\\ServiceProvider->disabled()
#24 E:\\Projects\\yess\\admin\\vendor\\laravel\\framework\\src\\Illuminate\\Container\\BoundMethod.php(36): Dcat\\Admin\\Extend\\ServiceProvider->boot()
#25 E:\\Projects\\yess\\admin\\vendor\\laravel\\framework\\src\\Illuminate\\Container\\Util.php(37): Illuminate\\Container\\BoundMethod::Illuminate\\Container\\{closure}()
#26 E:\\Projects\\yess\\admin\\vendor\\laravel\\framework\\src\\Illuminate\\Container\\BoundMethod.php(93): Illuminate\\Container\\Util::unwrapIfClosure(Object(Closure))
#27 E:\\Projects\\yess\\admin\\vendor\\laravel\\framework\\src\\Illuminate\\Container\\BoundMethod.php(37): Illuminate\\Container\\BoundMethod::callBoundMethod(Object(Illuminate\\Foundation\\Application), Array, Object(Closure))
#28 E:\\Projects\\yess\\admin\\vendor\\laravel\\framework\\src\\Illuminate\\Container\\Container.php(590): Illuminate\\Container\\BoundMethod::call(Object(Illuminate\\Foundation\\Application), Array, Array, NULL)
#29 E:\\Projects\\yess\\admin\\vendor\\laravel\\framework\\src\\Illuminate\\Foundation\\Application.php(856): Illuminate\\Container\\Container->call(Array)
#30 E:\\Projects\\yess\\admin\\vendor\\laravel\\framework\\src\\Illuminate\\Foundation\\Application.php(839): Illuminate\\Foundation\\Application->bootProvider(Object(Guanguans\\DcatLoginCaptcha\\LoginCaptchaServiceProvider))
#31 [internal function]: Illuminate\\Foundation\\Application->Illuminate\\Foundation\\{closure}(Object(Guanguans\\DcatLoginCaptcha\\LoginCaptchaServiceProvider), 16)
#32 E:\\Projects\\yess\\admin\\vendor\\laravel\\framework\\src\\Illuminate\\Foundation\\Application.php(840): array_walk(Array, Object(Closure))
#33 E:\\Projects\\yess\\admin\\vendor\\laravel\\framework\\src\\Illuminate\\Foundation\\Bootstrap\\BootProviders.php(17): Illuminate\\Foundation\\Application->boot()
#34 E:\\Projects\\yess\\admin\\vendor\\laravel\\framework\\src\\Illuminate\\Foundation\\Application.php(219): Illuminate\\Foundation\\Bootstrap\\BootProviders->bootstrap(Object(Illuminate\\Foundation\\Application))
#35 E:\\Projects\\yess\\admin\\vendor\\laravel\\framework\\src\\Illuminate\\Foundation\\Console\\Kernel.php(320): Illuminate\\Foundation\\Application->bootstrapWith(Array)
#36 E:\\Projects\\yess\\admin\\vendor\\laravel\\framework\\src\\Illuminate\\Foundation\\Console\\Kernel.php(129): Illuminate\\Foundation\\Console\\Kernel->bootstrap()
#37 E:\\Projects\\yess\\admin\\artisan(37): Illuminate\\Foundation\\Console\\Kernel->handle(Object(Symfony\\Component\\Console\\Input\\ArgvInput), Object(Symfony\\Component\\Console\\Output\\ConsoleOutput))
#38 {main}

[previous exception] [object] (PDOException(code: 0): could not find driver at E:\\Projects\\yess\\admin\\vendor\\doctrine\\dbal\\lib\\Doctrine\\DBAL\\Driver\\PDOConnection.php:27)
[stacktrace]
#0 E:\\Projects\\yess\\admin\\vendor\\doctrine\\dbal\\lib\\Doctrine\\DBAL\\Driver\\PDOConnection.php(27): PDO->__construct('mysql:host=127....', 'root', 'shujukumima', Array)
#1 E:\\Projects\\yess\\admin\\vendor\\laravel\\framework\\src\\Illuminate\\Database\\Connectors\\Connector.php(67): Doctrine\\DBAL\\Driver\\PDOConnection->__construct('mysql:host=127....', 'root', 'shujukumima', Array)
#2 E:\\Projects\\yess\\admin\\vendor\\laravel\\framework\\src\\Illuminate\\Database\\Connectors\\Connector.php(46): Illuminate\\Database\\Connectors\\Connector->createPdoConnection('mysql:host=127....', 'root', 'shujukumima', Array)
#3 E:\\Projects\\yess\\admin\\vendor\\laravel\\framework\\src\\Illuminate\\Database\\Connectors\\MySqlConnector.php(24): Illuminate\\Database\\Connectors\\Connector->createConnection('mysql:host=127....', Array, Array)
#4 E:\\Projects\\yess\\admin\\vendor\\laravel\\framework\\src\\Illuminate\\Database\\Connectors\\ConnectionFactory.php(182): Illuminate\\Database\\Connectors\\MySqlConnector->connect(Array)
#5 [internal function]: Illuminate\\Database\\Connectors\\ConnectionFactory->Illuminate\\Database\\Connectors\\{closure}()
#6 E:\\Projects\\yess\\admin\\vendor\\laravel\\framework\\src\\Illuminate\\Database\\Connection.php(924): call_user_func(Object(Closure))
#7 E:\\Projects\\yess\\admin\\vendor\\laravel\\framework\\src\\Illuminate\\Database\\Connection.php(959): Illuminate\\Database\\Connection->getPdo()
#8 E:\\Projects\\yess\\admin\\vendor\\laravel\\framework\\src\\Illuminate\\Database\\Connection.php(404): Illuminate\\Database\\Connection->getReadPdo()
#9 E:\\Projects\\yess\\admin\\vendor\\laravel\\framework\\src\\Illuminate\\Database\\Connection.php(330): Illuminate\\Database\\Connection->getPdoForSelect(true)
#10 E:\\Projects\\yess\\admin\\vendor\\laravel\\framework\\src\\Illuminate\\Database\\Connection.php(662): Illuminate\\Database\\Connection->Illuminate\\Database\\{closure}('select * from `...', Array)
#11 E:\\Projects\\yess\\admin\\vendor\\laravel\\framework\\src\\Illuminate\\Database\\Connection.php(629): Illuminate\\Database\\Connection->runQueryCallback('select * from `...', Array, Object(Closure))
#12 E:\\Projects\\yess\\admin\\vendor\\laravel\\framework\\src\\Illuminate\\Database\\Connection.php(338): Illuminate\\Database\\Connection->run('select * from `...', Array, Object(Closure))
#13 E:\\Projects\\yess\\admin\\vendor\\laravel\\framework\\src\\Illuminate\\Database\\Query\\Builder.php(2149): Illuminate\\Database\\Connection->select('select * from `...', Array, true)
#14 E:\\Projects\\yess\\admin\\vendor\\laravel\\framework\\src\\Illuminate\\Database\\Query\\Builder.php(2137): Illuminate\\Database\\Query\\Builder->runSelect()
#15 E:\\Projects\\yess\\admin\\vendor\\laravel\\framework\\src\\Illuminate\\Database\\Query\\Builder.php(2609): Illuminate\\Database\\Query\\Builder->Illuminate\\Database\\Query\\{closure}()
#16 E:\\Projects\\yess\\admin\\vendor\\laravel\\framework\\src\\Illuminate\\Database\\Query\\Builder.php(2138): Illuminate\\Database\\Query\\Builder->onceWithColumns(Array, Object(Closure))
#17 E:\\Projects\\yess\\admin\\vendor\\laravel\\framework\\src\\Illuminate\\Database\\Eloquent\\Builder.php(546): Illuminate\\Database\\Query\\Builder->get(Array)
#18 E:\\Projects\\yess\\admin\\vendor\\laravel\\framework\\src\\Illuminate\\Database\\Eloquent\\Builder.php(530): Illuminate\\Database\\Eloquent\\Builder->getModels(Array)
#19 E:\\Projects\\yess\\admin\\vendor\\laravel\\framework\\src\\Illuminate\\Database\\Eloquent\\Model.php(463): Illuminate\\Database\\Eloquent\\Builder->get(Array)
#20 E:\\Projects\\yess\\admin\\vendor\\dcat\\laravel-admin\\src\\Extend\\Manager.php(445): Illuminate\\Database\\Eloquent\\Model::all()
#21 E:\\Projects\\yess\\admin\\vendor\\dcat\\laravel-admin\\src\\Extend\\Manager.php(85): Dcat\\Admin\\Extend\\Manager->settings()
#22 E:\\Projects\\yess\\admin\\vendor\\dcat\\laravel-admin\\src\\Extend\\ServiceProvider.php(282): Dcat\\Admin\\Extend\\Manager->enabled('guanguans.dcat-...')
#23 E:\\Projects\\yess\\admin\\vendor\\dcat\\laravel-admin\\src\\Extend\\ServiceProvider.php(292): Dcat\\Admin\\Extend\\ServiceProvider->enabled()
#24 E:\\Projects\\yess\\admin\\vendor\\dcat\\laravel-admin\\src\\Extend\\ServiceProvider.php(88): Dcat\\Admin\\Extend\\ServiceProvider->disabled()
#25 E:\\Projects\\yess\\admin\\vendor\\laravel\\framework\\src\\Illuminate\\Container\\BoundMethod.php(36): Dcat\\Admin\\Extend\\ServiceProvider->boot()
#26 E:\\Projects\\yess\\admin\\vendor\\laravel\\framework\\src\\Illuminate\\Container\\Util.php(37): Illuminate\\Container\\BoundMethod::Illuminate\\Container\\{closure}()
#27 E:\\Projects\\yess\\admin\\vendor\\laravel\\framework\\src\\Illuminate\\Container\\BoundMethod.php(93): Illuminate\\Container\\Util::unwrapIfClosure(Object(Closure))
#28 E:\\Projects\\yess\\admin\\vendor\\laravel\\framework\\src\\Illuminate\\Container\\BoundMethod.php(37): Illuminate\\Container\\BoundMethod::callBoundMethod(Object(Illuminate\\Foundation\\Application), Array, Object(Closure))
#29 E:\\Projects\\yess\\admin\\vendor\\laravel\\framework\\src\\Illuminate\\Container\\Container.php(590): Illuminate\\Container\\BoundMethod::call(Object(Illuminate\\Foundation\\Application), Array, Array, NULL)
#30 E:\\Projects\\yess\\admin\\vendor\\laravel\\framework\\src\\Illuminate\\Foundation\\Application.php(856): Illuminate\\Container\\Container->call(Array)
#31 E:\\Projects\\yess\\admin\\vendor\\laravel\\framework\\src\\Illuminate\\Foundation\\Application.php(839): Illuminate\\Foundation\\Application->bootProvider(Object(Guanguans\\DcatLoginCaptcha\\LoginCaptchaServiceProvider))
#32 [internal function]: Illuminate\\Foundation\\Application->Illuminate\\Foundation\\{closure}(Object(Guanguans\\DcatLoginCaptcha\\LoginCaptchaServiceProvider), 16)
#33 E:\\Projects\\yess\\admin\\vendor\\laravel\\framework\\src\\Illuminate\\Foundation\\Application.php(840): array_walk(Array, Object(Closure))
#34 E:\\Projects\\yess\\admin\\vendor\\laravel\\framework\\src\\Illuminate\\Foundation\\Bootstrap\\BootProviders.php(17): Illuminate\\Foundation\\Application->boot()
#35 E:\\Projects\\yess\\admin\\vendor\\laravel\\framework\\src\\Illuminate\\Foundation\\Application.php(219): Illuminate\\Foundation\\Bootstrap\\BootProviders->bootstrap(Object(Illuminate\\Foundation\\Application))
#36 E:\\Projects\\yess\\admin\\vendor\\laravel\\framework\\src\\Illuminate\\Foundation\\Console\\Kernel.php(320): Illuminate\\Foundation\\Application->bootstrapWith(Array)
#37 E:\\Projects\\yess\\admin\\vendor\\laravel\\framework\\src\\Illuminate\\Foundation\\Console\\Kernel.php(129): Illuminate\\Foundation\\Console\\Kernel->bootstrap()
#38 E:\\Projects\\yess\\admin\\artisan(37): Illuminate\\Foundation\\Console\\Kernel->handle(Object(Symfony\\Component\\Console\\Input\\ArgvInput), Object(Symfony\\Component\\Console\\Output\\ConsoleOutput))
#39 {main}
"} 
